<?xml version="1.0" encoding="UTF-8"?>
<coverage generated="1728261066270" clover="3.2.0">
  <project timestamp="1728261066270" name="All files">
    <metrics statements="24" coveredstatements="15" conditionals="10" coveredconditionals="5" methods="11" coveredmethods="9" elements="45" coveredelements="29" complexity="0" loc="24" ncloc="24" packages="2" files="4" classes="4"/>
    <package name="src">
      <metrics statements="18" coveredstatements="9" conditionals="10" coveredconditionals="5" methods="7" coveredmethods="5"/>
      <file name="App.tsx" path="/Users/fabiangonzalezdev/Documents/WORKS/projects/emanndev/emanndev/src/App.tsx">
        <metrics statements="9" coveredstatements="9" conditionals="6" coveredconditionals="5" methods="5" coveredmethods="5"/>
        <line num="6" count="1" type="stmt"/>
        <line num="7" count="5" type="stmt"/>
        <line num="8" count="5" type="stmt"/>
        <line num="10" count="5" type="stmt"/>
        <line num="11" count="3" type="stmt"/>
        <line num="12" count="3" type="stmt"/>
        <line num="16" count="5" type="stmt"/>
        <line num="17" count="1" type="cond" truecount="1" falsecount="1"/>
        <line num="20" count="5" type="stmt"/>
      </file>
      <file name="index.tsx" path="/Users/fabiangonzalezdev/Documents/WORKS/projects/emanndev/emanndev/src/index.tsx">
        <metrics statements="1" coveredstatements="0" conditionals="0" coveredconditionals="0" methods="0" coveredmethods="0"/>
        <line num="7" count="0" type="stmt"/>
      </file>
      <file name="reportWebVitals.ts" path="/Users/fabiangonzalezdev/Documents/WORKS/projects/emanndev/emanndev/src/reportWebVitals.ts">
        <metrics statements="8" coveredstatements="0" conditionals="4" coveredconditionals="0" methods="2" coveredmethods="0"/>
        <line num="3" count="0" type="stmt"/>
        <line num="4" count="0" type="cond" truecount="0" falsecount="4"/>
        <line num="5" count="0" type="stmt"/>
        <line num="6" count="0" type="stmt"/>
        <line num="7" count="0" type="stmt"/>
        <line num="8" count="0" type="stmt"/>
        <line num="9" count="0" type="stmt"/>
        <line num="10" count="0" type="stmt"/>
      </file>
    </package>
    <package name="src.components.HeroBanner">
      <metrics statements="6" coveredstatements="6" conditionals="0" coveredconditionals="0" methods="4" coveredmethods="4"/>
      <file name="HeroBanner.tsx" path="/Users/fabiangonzalezdev/Documents/WORKS/projects/emanndev/emanndev/src/components/HeroBanner/HeroBanner.tsx">
        <metrics statements="6" coveredstatements="6" conditionals="0" coveredconditionals="0" methods="4" coveredmethods="4"/>
        <line num="15" count="2" type="stmt"/>
        <line num="16" count="4" type="stmt"/>
        <line num="17" count="1" type="stmt"/>
        <line num="20" count="4" type="stmt"/>
        <line num="28" count="8" type="stmt"/>
        <line num="33" count="8" type="stmt"/>
      </file>
    </package>
  </project>
</coverage>
