{"/Users/fabiangonzalezdev/Documents/WORKS/projects/emanndev/emanndev/src/App.tsx": {"path":"/Users/fabiangonzalezdev/Documents/WORKS/projects/emanndev/emanndev/src/App.tsx","statementMap":{"0":{"start":{"line":6,"column":22},"end":{"line":28,"column":1}},"1":{"start":{"line":7,"column":34},"end":{"line":7,"column":48}},"2":{"start":{"line":8,"column":26},"end":{"line":8,"column":40}},"3":{"start":{"line":10,"column":2},"end":{"line":14,"column":17}},"4":{"start":{"line":11,"column":4},"end":{"line":13,"column":7}},"5":{"start":{"line":12,"column":6},"end":{"line":12,"column":24}},"6":{"start":{"line":16,"column":25},"end":{"line":18,"column":3}},"7":{"start":{"line":17,"column":4},"end":{"line":17,"column":65}},"8":{"start":{"line":17,"column":31},"end":{"line":17,"column":62}},"9":{"start":{"line":20,"column":2},"end":{"line":27,"column":4}}},"fnMap":{"0":{"name":"(anonymous_0)","decl":{"start":{"line":6,"column":22},"end":{"line":6,"column":23}},"loc":{"start":{"line":6,"column":28},"end":{"line":28,"column":1}},"line":6},"1":{"name":"(anonymous_1)","decl":{"start":{"line":10,"column":12},"end":{"line":10,"column":13}},"loc":{"start":{"line":10,"column":18},"end":{"line":14,"column":3}},"line":10},"2":{"name":"(anonymous_2)","decl":{"start":{"line":11,"column":62},"end":{"line":11,"column":63}},"loc":{"start":{"line":11,"column":76},"end":{"line":13,"column":5}},"line":11},"3":{"name":"(anonymous_3)","decl":{"start":{"line":16,"column":25},"end":{"line":16,"column":26}},"loc":{"start":{"line":16,"column":31},"end":{"line":18,"column":3}},"line":16},"4":{"name":"(anonymous_4)","decl":{"start":{"line":17,"column":16},"end":{"line":17,"column":17}},"loc":{"start":{"line":17,"column":31},"end":{"line":17,"column":62}},"line":17}},"branchMap":{"0":{"loc":{"start":{"line":17,"column":31},"end":{"line":17,"column":62}},"type":"cond-expr","locations":[{"start":{"line":17,"column":51},"end":{"line":17,"column":55}},{"start":{"line":17,"column":58},"end":{"line":17,"column":62}}],"line":17},"1":{"loc":{"start":{"line":23,"column":19},"end":{"line":23,"column":59}},"type":"cond-expr","locations":[{"start":{"line":23,"column":39},"end":{"line":23,"column":47}},{"start":{"line":23,"column":50},"end":{"line":23,"column":59}}],"line":23},"2":{"loc":{"start":{"line":25,"column":7},"end":{"line":25,"column":41}},"type":"binary-expr","locations":[{"start":{"line":25,"column":7},"end":{"line":25,"column":11}},{"start":{"line":25,"column":15},"end":{"line":25,"column":41}}],"line":25}},"s":{"0":1,"1":5,"2":5,"3":5,"4":3,"5":3,"6":5,"7":1,"8":1,"9":5},"f":{"0":5,"1":3,"2":3,"3":1,"4":1},"b":{"0":[1,0],"1":[3,2],"2":[5,2]},"_coverageSchema":"1a1c01bbd47fc00a2c39e90264f33305004495a9","hash":"e1b4dd6e60a9445223c119c34a54a020bbc8c664"}
,"/Users/fabiangonzalezdev/Documents/WORKS/projects/emanndev/emanndev/src/index.tsx": {"path":"/Users/fabiangonzalezdev/Documents/WORKS/projects/emanndev/emanndev/src/index.tsx","statementMap":{"0":{"start":{"line":7,"column":0},"end":{"line":12,"column":2}}},"fnMap":{},"branchMap":{},"s":{"0":0},"f":{},"b":{}}
,"/Users/fabiangonzalezdev/Documents/WORKS/projects/emanndev/emanndev/src/reportWebVitals.ts": {"path":"/Users/fabiangonzalezdev/Documents/WORKS/projects/emanndev/emanndev/src/reportWebVitals.ts","statementMap":{"0":{"start":{"line":3,"column":24},"end":{"line":13,"column":1}},"1":{"start":{"line":4,"column":2},"end":{"line":12,"column":3}},"2":{"start":{"line":5,"column":4},"end":{"line":11,"column":7}},"3":{"start":{"line":6,"column":6},"end":{"line":6,"column":26}},"4":{"start":{"line":7,"column":6},"end":{"line":7,"column":26}},"5":{"start":{"line":8,"column":6},"end":{"line":8,"column":26}},"6":{"start":{"line":9,"column":6},"end":{"line":9,"column":26}},"7":{"start":{"line":10,"column":6},"end":{"line":10,"column":27}}},"fnMap":{"0":{"name":"(anonymous_0)","decl":{"start":{"line":3,"column":24},"end":{"line":3,"column":25}},"loc":{"start":{"line":3,"column":57},"end":{"line":13,"column":1}},"line":3},"1":{"name":"(anonymous_1)","decl":{"start":{"line":5,"column":30},"end":{"line":5,"column":31}},"loc":{"start":{"line":5,"column":79},"end":{"line":11,"column":5}},"line":5}},"branchMap":{"0":{"loc":{"start":{"line":4,"column":2},"end":{"line":12,"column":3}},"type":"if","locations":[{"start":{"line":4,"column":2},"end":{"line":12,"column":3}},{"start":{},"end":{}}],"line":4},"1":{"loc":{"start":{"line":4,"column":6},"end":{"line":4,"column":52}},"type":"binary-expr","locations":[{"start":{"line":4,"column":6},"end":{"line":4,"column":17}},{"start":{"line":4,"column":21},"end":{"line":4,"column":52}}],"line":4}},"s":{"0":0,"1":0,"2":0,"3":0,"4":0,"5":0,"6":0,"7":0},"f":{"0":0,"1":0},"b":{"0":[0,0],"1":[0,0]}}
,"/Users/fabiangonzalezdev/Documents/WORKS/projects/emanndev/emanndev/src/components/HeroBanner/HeroBanner.tsx": {"path":"/Users/fabiangonzalezdev/Documents/WORKS/projects/emanndev/emanndev/src/components/HeroBanner/HeroBanner.tsx","statementMap":{"0":{"start":{"line":15,"column":46},"end":{"line":44,"column":1}},"1":{"start":{"line":16,"column":22},"end":{"line":18,"column":3}},"2":{"start":{"line":17,"column":4},"end":{"line":17,"column":35}},"3":{"start":{"line":20,"column":2},"end":{"line":43,"column":4}},"4":{"start":{"line":28,"column":14},"end":{"line":28,"column":105}},"5":{"start":{"line":33,"column":14},"end":{"line":33,"column":77}}},"fnMap":{"0":{"name":"(anonymous_0)","decl":{"start":{"line":15,"column":46},"end":{"line":15,"column":47}},"loc":{"start":{"line":15,"column":60},"end":{"line":44,"column":1}},"line":15},"1":{"name":"(anonymous_1)","decl":{"start":{"line":16,"column":22},"end":{"line":16,"column":23}},"loc":{"start":{"line":16,"column":28},"end":{"line":18,"column":3}},"line":16},"2":{"name":"(anonymous_2)","decl":{"start":{"line":27,"column":30},"end":{"line":27,"column":31}},"loc":{"start":{"line":28,"column":14},"end":{"line":28,"column":105}},"line":28},"3":{"name":"(anonymous_3)","decl":{"start":{"line":32,"column":28},"end":{"line":32,"column":29}},"loc":{"start":{"line":33,"column":14},"end":{"line":33,"column":77}},"line":33}},"branchMap":{},"s":{"0":2,"1":4,"2":1,"3":4,"4":8,"5":8},"f":{"0":4,"1":1,"2":8,"3":8},"b":{},"_coverageSchema":"1a1c01bbd47fc00a2c39e90264f33305004495a9","hash":"a0c928bc79dee089a0619b9ce568fc8a52f15288"}
}
