TN:
SF:src/App.tsx
FN:6,(anonymous_0)
FN:10,(anonymous_1)
FN:11,(anonymous_2)
FN:16,(anonymous_3)
FN:17,(anonymous_4)
FNF:5
FNH:5
FNDA:5,(anonymous_0)
FNDA:3,(anonymous_1)
FNDA:3,(anonymous_2)
FNDA:1,(anonymous_3)
FNDA:1,(anonymous_4)
DA:6,1
DA:7,5
DA:8,5
DA:10,5
DA:11,3
DA:12,3
DA:16,5
DA:17,1
DA:20,5
LF:9
LH:9
BRDA:17,0,0,1
BRDA:17,0,1,0
BRDA:23,1,0,3
BRDA:23,1,1,2
BRDA:25,2,0,5
BRDA:25,2,1,2
BRF:6
BRH:5
end_of_record
TN:
SF:src/index.tsx
FNF:0
FNH:0
DA:7,0
LF:1
LH:0
BRF:0
BRH:0
end_of_record
TN:
SF:src/reportWebVitals.ts
FN:3,(anonymous_0)
FN:5,(anonymous_1)
FNF:2
FNH:0
FNDA:0,(anonymous_0)
FNDA:0,(anonymous_1)
DA:3,0
DA:4,0
DA:5,0
DA:6,0
DA:7,0
DA:8,0
DA:9,0
DA:10,0
LF:8
LH:0
BRDA:4,0,0,0
BRDA:4,0,1,0
BRDA:4,1,0,0
BRDA:4,1,1,0
BRF:4
BRH:0
end_of_record
TN:
SF:src/components/HeroBanner/HeroBanner.tsx
FN:15,(anonymous_0)
FN:16,(anonymous_1)
FN:27,(anonymous_2)
FN:32,(anonymous_3)
FNF:4
FNH:4
FNDA:4,(anonymous_0)
FNDA:1,(anonymous_1)
FNDA:8,(anonymous_2)
FNDA:8,(anonymous_3)
DA:15,2
DA:16,4
DA:17,1
DA:20,4
DA:28,8
DA:33,8
LF:6
LH:6
BRF:0
BRH:0
end_of_record
